<?xml version="1.0" encoding="UTF-8"?>
<!-- Generated by org.testng.reporters.JUnitXMLReporter -->
<testsuite ignored="0" hostname="Aayush" failures="0" tests="9" name="Default test" time="196.573" errors="0" timestamp="2021-08-03T18:41:06 IST">
  <testcase classname="Hackathon.IdentifyCourses3.MainTest2" name="validateSearchBox" time="1.722"/>
  <testcase classname="Hackathon.IdentifyCourses3.MainTest2" name="validateSearchButton" time="0.786"/>
  <testcase classname="Hackathon.IdentifyCourses3.MainTest2" name="validateCourseTab" time="25.381"/>
  <testcase classname="Hackathon.IdentifyCourses3.MainTest2" name="validateLanguagesDropdownMenu" time="11.807"/>
  <testcase classname="Hackathon.IdentifyCourses3.MainTest2" name="validateLevelDropdownMenu" time="12.549"/>
  <testcase classname="Hackathon.IdentifyCourses3.MainTest2" name="validateCourseDetailPage" time="41.54"/>
  <testcase classname="Hackathon.IdentifyCourses3.MainTest2" name="validateHomePageButton" time="0.79"/>
  <testcase classname="Hackathon.IdentifyCourses3.MainTest2" name="validateEdxBussinessLink" time="27.43"/>
  <testcase classname="Hackathon.IdentifyCourses3.MainTest2" name="validateInvalidEmail" time="6.777"/>
</testsuite> <!-- Default test -->
