<?xml version="1.0" encoding="UTF-8"?>
<!-- Generated by org.testng.reporters.JUnitXMLReporter -->
<testsuite ignored="0" hostname="Aayush" failures="0" tests="10" name="Test" time="189.701" errors="0" timestamp="2021-08-04T12:23:10 IST">
  <testcase classname="Hackathon.IdentifyCourses3.MainTest" name="validateSearchBox" time="2.947"/>
  <testcase classname="Hackathon.IdentifyCourses3.MainTest" name="validateSearchButton" time="1.464"/>
  <testcase classname="Hackathon.IdentifyCourses3.MainTest" name="validateCourseTab" time="12.698"/>
  <testcase classname="Hackathon.IdentifyCourses3.MainTest" name="validateLanguagesDropdownMenu" time="14.228"/>
  <testcase classname="Hackathon.IdentifyCourses3.MainTest" name="validateLevelDropdownMenu" time="9.443"/>
  <testcase classname="Hackathon.IdentifyCourses3.MainTest" name="validateCourseDetail1Page" time="27.341"/>
  <testcase classname="Hackathon.IdentifyCourses3.MainTest" name="validateCourseDetail2Page" time="41.599"/>
  <testcase classname="Hackathon.IdentifyCourses3.MainTest" name="validateHomePageButton" time="0.711"/>
  <testcase classname="Hackathon.IdentifyCourses3.MainTest" name="validateEdxBussinessLink" time="1.327"/>
  <testcase classname="Hackathon.IdentifyCourses3.MainTest" name="validateInvalidEmail" time="6.416"/>
</testsuite> <!-- Test -->
