<?xml version="1.0" encoding="UTF-8"?>
<testng-results ignored="0" total="10" passed="10" failed="0" skipped="0">
  <reporter-output>
  </reporter-output>
  <suite started-at="2021-08-04T12:20:00 IST" name="Suite" finished-at="2021-08-04T12:23:10 IST" duration-ms="189701">
    <groups>
      <group name="regression">
        <method signature="MainTest.validateEdxBussinessLink()[pri:0, instance:Hackathon.IdentifyCourses3.MainTest@55634720]" name="validateEdxBussinessLink" class="Hackathon.IdentifyCourses3.MainTest"/>
        <method signature="MainTest.validateInvalidEmail()[pri:0, instance:Hackathon.IdentifyCourses3.MainTest@55634720]" name="validateInvalidEmail" class="Hackathon.IdentifyCourses3.MainTest"/>
      </group> <!-- regression -->
    </groups>
    <test started-at="2021-08-04T12:20:00 IST" name="Test" finished-at="2021-08-04T12:23:10 IST" duration-ms="189701">
      <class name="Hackathon.IdentifyCourses3.MainTest">
        <test-method is-config="true" signature="ExtentReportSetup()[pri:0, instance:Hackathon.IdentifyCourses3.MainTest@55634720]" started-at="2021-08-04T12:19:59 IST" name="ExtentReportSetup" finished-at="2021-08-04T12:20:00 IST" duration-ms="821" status="PASS">
          <reporter-output>
          </reporter-output>
        </test-method> <!-- ExtentReportSetup -->
        <test-method is-config="true" signature="Setup()[pri:0, instance:Hackathon.IdentifyCourses3.MainTest@55634720]" started-at="2021-08-04T12:20:00 IST" name="Setup" finished-at="2021-08-04T12:20:28 IST" duration-ms="27240" status="PASS">
          <reporter-output>
          </reporter-output>
        </test-method> <!-- Setup -->
        <test-method signature="validateSearchBox()[pri:0, instance:Hackathon.IdentifyCourses3.MainTest@55634720]" started-at="2021-08-04T12:20:28 IST" name="validateSearchBox" finished-at="2021-08-04T12:20:31 IST" duration-ms="2947" status="PASS">
          <reporter-output>
          </reporter-output>
        </test-method> <!-- validateSearchBox -->
        <test-method is-config="true" signature="testStatus(org.testng.ITestResult)[pri:0, instance:Hackathon.IdentifyCourses3.MainTest@55634720]" started-at="2021-08-04T12:20:31 IST" name="testStatus" finished-at="2021-08-04T12:20:33 IST" duration-ms="2301" status="PASS">
          <params>
            <param index="0">
              <value>
                <![CDATA[[TestResult name=validateSearchBox status=SUCCESS method=MainTest.validateSearchBox()[pri:0, instance:Hackathon.IdentifyCourses3.MainTest@55634720] output={null}]]]>
              </value>
            </param>
          </params>
          <reporter-output>
          </reporter-output>
        </test-method> <!-- testStatus -->
        <test-method signature="validateSearchButton()[pri:0, instance:Hackathon.IdentifyCourses3.MainTest@55634720]" started-at="2021-08-04T12:20:33 IST" name="validateSearchButton" finished-at="2021-08-04T12:20:35 IST" duration-ms="1464" status="PASS">
          <reporter-output>
          </reporter-output>
        </test-method> <!-- validateSearchButton -->
        <test-method is-config="true" signature="testStatus(org.testng.ITestResult)[pri:0, instance:Hackathon.IdentifyCourses3.MainTest@55634720]" started-at="2021-08-04T12:20:35 IST" name="testStatus" finished-at="2021-08-04T12:20:35 IST" duration-ms="459" status="PASS">
          <params>
            <param index="0">
              <value>
                <![CDATA[[TestResult name=validateSearchButton status=SUCCESS method=MainTest.validateSearchButton()[pri:0, instance:Hackathon.IdentifyCourses3.MainTest@55634720] output={null}]]]>
              </value>
            </param>
          </params>
          <reporter-output>
          </reporter-output>
        </test-method> <!-- testStatus -->
        <test-method signature="validateCourseTab()[pri:0, instance:Hackathon.IdentifyCourses3.MainTest@55634720]" started-at="2021-08-04T12:20:35 IST" name="validateCourseTab" finished-at="2021-08-04T12:20:48 IST" depends-on-methods="Hackathon.IdentifyCourses3.MainTest.validateSearchButton" duration-ms="12698" status="PASS">
          <reporter-output>
          </reporter-output>
        </test-method> <!-- validateCourseTab -->
        <test-method is-config="true" signature="testStatus(org.testng.ITestResult)[pri:0, instance:Hackathon.IdentifyCourses3.MainTest@55634720]" started-at="2021-08-04T12:20:48 IST" name="testStatus" finished-at="2021-08-04T12:20:49 IST" duration-ms="1060" status="PASS">
          <params>
            <param index="0">
              <value>
                <![CDATA[[TestResult name=validateCourseTab status=SUCCESS method=MainTest.validateCourseTab()[pri:0, instance:Hackathon.IdentifyCourses3.MainTest@55634720] output={null}]]]>
              </value>
            </param>
          </params>
          <reporter-output>
          </reporter-output>
        </test-method> <!-- testStatus -->
        <test-method signature="validateLanguagesDropdownMenu()[pri:0, instance:Hackathon.IdentifyCourses3.MainTest@55634720]" started-at="2021-08-04T12:20:49 IST" name="validateLanguagesDropdownMenu" finished-at="2021-08-04T12:21:03 IST" depends-on-methods="Hackathon.IdentifyCourses3.MainTest.validateSearchButton" duration-ms="14228" status="PASS">
          <reporter-output>
          </reporter-output>
        </test-method> <!-- validateLanguagesDropdownMenu -->
        <test-method is-config="true" signature="testStatus(org.testng.ITestResult)[pri:0, instance:Hackathon.IdentifyCourses3.MainTest@55634720]" started-at="2021-08-04T12:21:03 IST" name="testStatus" finished-at="2021-08-04T12:21:03 IST" duration-ms="354" status="PASS">
          <params>
            <param index="0">
              <value>
                <![CDATA[[TestResult name=validateLanguagesDropdownMenu status=SUCCESS method=MainTest.validateLanguagesDropdownMenu()[pri:0, instance:Hackathon.IdentifyCourses3.MainTest@55634720] output={null}]]]>
              </value>
            </param>
          </params>
          <reporter-output>
          </reporter-output>
        </test-method> <!-- testStatus -->
        <test-method signature="validateLevelDropdownMenu()[pri:0, instance:Hackathon.IdentifyCourses3.MainTest@55634720]" started-at="2021-08-04T12:21:03 IST" name="validateLevelDropdownMenu" finished-at="2021-08-04T12:21:13 IST" depends-on-methods="Hackathon.IdentifyCourses3.MainTest.validateSearchButton" duration-ms="9443" status="PASS">
          <reporter-output>
          </reporter-output>
        </test-method> <!-- validateLevelDropdownMenu -->
        <test-method is-config="true" signature="testStatus(org.testng.ITestResult)[pri:0, instance:Hackathon.IdentifyCourses3.MainTest@55634720]" started-at="2021-08-04T12:21:13 IST" name="testStatus" finished-at="2021-08-04T12:21:13 IST" duration-ms="510" status="PASS">
          <params>
            <param index="0">
              <value>
                <![CDATA[[TestResult name=validateLevelDropdownMenu status=SUCCESS method=MainTest.validateLevelDropdownMenu()[pri:0, instance:Hackathon.IdentifyCourses3.MainTest@55634720] output={null}]]]>
              </value>
            </param>
          </params>
          <reporter-output>
          </reporter-output>
        </test-method> <!-- testStatus -->
        <test-method signature="validateCourseDetail1Page()[pri:0, instance:Hackathon.IdentifyCourses3.MainTest@55634720]" started-at="2021-08-04T12:21:13 IST" name="validateCourseDetail1Page" finished-at="2021-08-04T12:21:41 IST" depends-on-methods="Hackathon.IdentifyCourses3.MainTest.validateLevelDropdownMenu, Hackathon.IdentifyCourses3.MainTest.validateLanguagesDropdownMenu" duration-ms="27341" status="PASS">
          <reporter-output>
          </reporter-output>
        </test-method> <!-- validateCourseDetail1Page -->
        <test-method is-config="true" signature="testStatus(org.testng.ITestResult)[pri:0, instance:Hackathon.IdentifyCourses3.MainTest@55634720]" started-at="2021-08-04T12:21:41 IST" name="testStatus" finished-at="2021-08-04T12:21:41 IST" duration-ms="645" status="PASS">
          <params>
            <param index="0">
              <value>
                <![CDATA[[TestResult name=validateCourseDetail1Page status=SUCCESS method=MainTest.validateCourseDetail1Page()[pri:0, instance:Hackathon.IdentifyCourses3.MainTest@55634720] output={null}]]]>
              </value>
            </param>
          </params>
          <reporter-output>
          </reporter-output>
        </test-method> <!-- testStatus -->
        <test-method signature="validateCourseDetail2Page()[pri:0, instance:Hackathon.IdentifyCourses3.MainTest@55634720]" started-at="2021-08-04T12:21:41 IST" name="validateCourseDetail2Page" finished-at="2021-08-04T12:22:23 IST" depends-on-methods="Hackathon.IdentifyCourses3.MainTest.validateLevelDropdownMenu, Hackathon.IdentifyCourses3.MainTest.validateLanguagesDropdownMenu" duration-ms="41599" status="PASS">
          <reporter-output>
          </reporter-output>
        </test-method> <!-- validateCourseDetail2Page -->
        <test-method is-config="true" signature="testStatus(org.testng.ITestResult)[pri:0, instance:Hackathon.IdentifyCourses3.MainTest@55634720]" started-at="2021-08-04T12:22:23 IST" name="testStatus" finished-at="2021-08-04T12:22:23 IST" duration-ms="398" status="PASS">
          <params>
            <param index="0">
              <value>
                <![CDATA[[TestResult name=validateCourseDetail2Page status=SUCCESS method=MainTest.validateCourseDetail2Page()[pri:0, instance:Hackathon.IdentifyCourses3.MainTest@55634720] output={null}]]]>
              </value>
            </param>
          </params>
          <reporter-output>
          </reporter-output>
        </test-method> <!-- testStatus -->
        <test-method signature="validateHomePageButton()[pri:0, instance:Hackathon.IdentifyCourses3.MainTest@55634720]" started-at="2021-08-04T12:22:23 IST" name="validateHomePageButton" finished-at="2021-08-04T12:22:24 IST" depends-on-methods="Hackathon.IdentifyCourses3.MainTest.validateCourseDetail2Page" duration-ms="711" status="PASS">
          <reporter-output>
          </reporter-output>
        </test-method> <!-- validateHomePageButton -->
        <test-method is-config="true" signature="testStatus(org.testng.ITestResult)[pri:0, instance:Hackathon.IdentifyCourses3.MainTest@55634720]" started-at="2021-08-04T12:22:24 IST" name="testStatus" finished-at="2021-08-04T12:22:36 IST" duration-ms="11651" status="PASS">
          <params>
            <param index="0">
              <value>
                <![CDATA[[TestResult name=validateHomePageButton status=SUCCESS method=MainTest.validateHomePageButton()[pri:0, instance:Hackathon.IdentifyCourses3.MainTest@55634720] output={null}]]]>
              </value>
            </param>
          </params>
          <reporter-output>
          </reporter-output>
        </test-method> <!-- testStatus -->
        <test-method signature="validateEdxBussinessLink()[pri:0, instance:Hackathon.IdentifyCourses3.MainTest@55634720]" started-at="2021-08-04T12:22:36 IST" name="validateEdxBussinessLink" finished-at="2021-08-04T12:22:37 IST" depends-on-methods="Hackathon.IdentifyCourses3.MainTest.validateHomePageButton" duration-ms="1327" status="PASS">
          <reporter-output>
          </reporter-output>
        </test-method> <!-- validateEdxBussinessLink -->
        <test-method is-config="true" signature="testStatus(org.testng.ITestResult)[pri:0, instance:Hackathon.IdentifyCourses3.MainTest@55634720]" started-at="2021-08-04T12:22:37 IST" name="testStatus" finished-at="2021-08-04T12:23:02 IST" duration-ms="25114" status="PASS">
          <params>
            <param index="0">
              <value>
                <![CDATA[[TestResult name=validateEdxBussinessLink status=SUCCESS method=MainTest.validateEdxBussinessLink()[pri:0, instance:Hackathon.IdentifyCourses3.MainTest@55634720] output={null}]]]>
              </value>
            </param>
          </params>
          <reporter-output>
          </reporter-output>
        </test-method> <!-- testStatus -->
        <test-method signature="validateInvalidEmail()[pri:0, instance:Hackathon.IdentifyCourses3.MainTest@55634720]" started-at="2021-08-04T12:23:02 IST" name="validateInvalidEmail" finished-at="2021-08-04T12:23:09 IST" depends-on-methods="Hackathon.IdentifyCourses3.MainTest.validateEdxBussinessLink" duration-ms="6416" status="PASS">
          <reporter-output>
          </reporter-output>
        </test-method> <!-- validateInvalidEmail -->
        <test-method is-config="true" signature="testStatus(org.testng.ITestResult)[pri:0, instance:Hackathon.IdentifyCourses3.MainTest@55634720]" started-at="2021-08-04T12:23:09 IST" name="testStatus" finished-at="2021-08-04T12:23:09 IST" duration-ms="637" status="PASS">
          <params>
            <param index="0">
              <value>
                <![CDATA[[TestResult name=validateInvalidEmail status=SUCCESS method=MainTest.validateInvalidEmail()[pri:0, instance:Hackathon.IdentifyCourses3.MainTest@55634720] output={null}]]]>
              </value>
            </param>
          </params>
          <reporter-output>
          </reporter-output>
        </test-method> <!-- testStatus -->
        <test-method is-config="true" signature="close()[pri:0, instance:Hackathon.IdentifyCourses3.MainTest@55634720]" started-at="2021-08-04T12:23:09 IST" name="close" finished-at="2021-08-04T12:23:10 IST" duration-ms="860" status="PASS">
          <reporter-output>
          </reporter-output>
        </test-method> <!-- close -->
      </class> <!-- Hackathon.IdentifyCourses3.MainTest -->
    </test> <!-- Test -->
  </suite> <!-- Suite -->
</testng-results>
