<?xml version="1.0" encoding="UTF-8"?>
<testng-results ignored="0" total="9" passed="9" failed="0" skipped="0">
  <reporter-output>
  </reporter-output>
  <suite started-at="2021-08-03T18:37:49 IST" name="Default suite" finished-at="2021-08-03T18:41:06 IST" duration-ms="196573">
    <groups>
    </groups>
    <test started-at="2021-08-03T18:37:49 IST" name="Default test" finished-at="2021-08-03T18:41:06 IST" duration-ms="196573">
      <class name="Hackathon.IdentifyCourses3.MainTest2">
        <test-method is-config="true" signature="ExtentReportSetup()[pri:0, instance:Hackathon.IdentifyCourses3.MainTest2@29215f06]" started-at="2021-08-03T18:37:48 IST" name="ExtentReportSetup" finished-at="2021-08-03T18:37:49 IST" duration-ms="737" status="PASS">
          <reporter-output>
          </reporter-output>
        </test-method> <!-- ExtentReportSetup -->
        <test-method is-config="true" signature="driverSetup()[pri:0, instance:Hackathon.IdentifyCourses3.MainTest2@29215f06]" started-at="2021-08-03T18:37:49 IST" name="driverSetup" finished-at="2021-08-03T18:38:16 IST" duration-ms="26973" status="PASS">
          <reporter-output>
          </reporter-output>
        </test-method> <!-- driverSetup -->
        <test-method signature="validateSearchBox()[pri:0, instance:Hackathon.IdentifyCourses3.MainTest2@29215f06]" started-at="2021-08-03T18:38:16 IST" name="validateSearchBox" finished-at="2021-08-03T18:38:18 IST" duration-ms="1722" status="PASS">
          <reporter-output>
          </reporter-output>
        </test-method> <!-- validateSearchBox -->
        <test-method is-config="true" signature="testStatus(org.testng.ITestResult)[pri:0, instance:Hackathon.IdentifyCourses3.MainTest2@29215f06]" started-at="2021-08-03T18:38:18 IST" name="testStatus" finished-at="2021-08-03T18:38:21 IST" duration-ms="3082" status="PASS">
          <params>
            <param index="0">
              <value>
                <![CDATA[[TestResult name=validateSearchBox status=SUCCESS method=MainTest2.validateSearchBox()[pri:0, instance:Hackathon.IdentifyCourses3.MainTest2@29215f06] output={null}]]]>
              </value>
            </param>
          </params>
          <reporter-output>
          </reporter-output>
        </test-method> <!-- testStatus -->
        <test-method signature="validateSearchButton()[pri:0, instance:Hackathon.IdentifyCourses3.MainTest2@29215f06]" started-at="2021-08-03T18:38:21 IST" name="validateSearchButton" finished-at="2021-08-03T18:38:22 IST" duration-ms="786" status="PASS">
          <reporter-output>
          </reporter-output>
        </test-method> <!-- validateSearchButton -->
        <test-method is-config="true" signature="testStatus(org.testng.ITestResult)[pri:0, instance:Hackathon.IdentifyCourses3.MainTest2@29215f06]" started-at="2021-08-03T18:38:22 IST" name="testStatus" finished-at="2021-08-03T18:38:22 IST" duration-ms="354" status="PASS">
          <params>
            <param index="0">
              <value>
                <![CDATA[[TestResult name=validateSearchButton status=SUCCESS method=MainTest2.validateSearchButton()[pri:0, instance:Hackathon.IdentifyCourses3.MainTest2@29215f06] output={null}]]]>
              </value>
            </param>
          </params>
          <reporter-output>
          </reporter-output>
        </test-method> <!-- testStatus -->
        <test-method signature="validateCourseTab()[pri:0, instance:Hackathon.IdentifyCourses3.MainTest2@29215f06]" started-at="2021-08-03T18:38:22 IST" name="validateCourseTab" finished-at="2021-08-03T18:38:48 IST" depends-on-methods="Hackathon.IdentifyCourses3.MainTest2.validateSearchButton" duration-ms="25381" status="PASS">
          <reporter-output>
          </reporter-output>
        </test-method> <!-- validateCourseTab -->
        <test-method is-config="true" signature="testStatus(org.testng.ITestResult)[pri:0, instance:Hackathon.IdentifyCourses3.MainTest2@29215f06]" started-at="2021-08-03T18:38:48 IST" name="testStatus" finished-at="2021-08-03T18:38:49 IST" duration-ms="984" status="PASS">
          <params>
            <param index="0">
              <value>
                <![CDATA[[TestResult name=validateCourseTab status=SUCCESS method=MainTest2.validateCourseTab()[pri:0, instance:Hackathon.IdentifyCourses3.MainTest2@29215f06] output={null}]]]>
              </value>
            </param>
          </params>
          <reporter-output>
          </reporter-output>
        </test-method> <!-- testStatus -->
        <test-method signature="validateLanguagesDropdownMenu()[pri:0, instance:Hackathon.IdentifyCourses3.MainTest2@29215f06]" started-at="2021-08-03T18:38:49 IST" name="validateLanguagesDropdownMenu" finished-at="2021-08-03T18:39:00 IST" depends-on-methods="Hackathon.IdentifyCourses3.MainTest2.validateSearchButton" duration-ms="11807" status="PASS">
          <reporter-output>
          </reporter-output>
        </test-method> <!-- validateLanguagesDropdownMenu -->
        <test-method is-config="true" signature="testStatus(org.testng.ITestResult)[pri:0, instance:Hackathon.IdentifyCourses3.MainTest2@29215f06]" started-at="2021-08-03T18:39:00 IST" name="testStatus" finished-at="2021-08-03T18:39:01 IST" duration-ms="261" status="PASS">
          <params>
            <param index="0">
              <value>
                <![CDATA[[TestResult name=validateLanguagesDropdownMenu status=SUCCESS method=MainTest2.validateLanguagesDropdownMenu()[pri:0, instance:Hackathon.IdentifyCourses3.MainTest2@29215f06] output={null}]]]>
              </value>
            </param>
          </params>
          <reporter-output>
          </reporter-output>
        </test-method> <!-- testStatus -->
        <test-method signature="validateLevelDropdownMenu()[pri:0, instance:Hackathon.IdentifyCourses3.MainTest2@29215f06]" started-at="2021-08-03T18:39:01 IST" name="validateLevelDropdownMenu" finished-at="2021-08-03T18:39:13 IST" depends-on-methods="Hackathon.IdentifyCourses3.MainTest2.validateSearchButton" duration-ms="12549" status="PASS">
          <reporter-output>
          </reporter-output>
        </test-method> <!-- validateLevelDropdownMenu -->
        <test-method is-config="true" signature="testStatus(org.testng.ITestResult)[pri:0, instance:Hackathon.IdentifyCourses3.MainTest2@29215f06]" started-at="2021-08-03T18:39:13 IST" name="testStatus" finished-at="2021-08-03T18:39:14 IST" duration-ms="551" status="PASS">
          <params>
            <param index="0">
              <value>
                <![CDATA[[TestResult name=validateLevelDropdownMenu status=SUCCESS method=MainTest2.validateLevelDropdownMenu()[pri:0, instance:Hackathon.IdentifyCourses3.MainTest2@29215f06] output={null}]]]>
              </value>
            </param>
          </params>
          <reporter-output>
          </reporter-output>
        </test-method> <!-- testStatus -->
        <test-method signature="validateCourseDetailPage()[pri:0, instance:Hackathon.IdentifyCourses3.MainTest2@29215f06]" started-at="2021-08-03T18:39:14 IST" name="validateCourseDetailPage" finished-at="2021-08-03T18:39:55 IST" depends-on-methods="Hackathon.IdentifyCourses3.MainTest2.validateLevelDropdownMenu, Hackathon.IdentifyCourses3.MainTest2.validateLanguagesDropdownMenu" duration-ms="41540" status="PASS">
          <reporter-output>
          </reporter-output>
        </test-method> <!-- validateCourseDetailPage -->
        <test-method is-config="true" signature="testStatus(org.testng.ITestResult)[pri:0, instance:Hackathon.IdentifyCourses3.MainTest2@29215f06]" started-at="2021-08-03T18:39:55 IST" name="testStatus" finished-at="2021-08-03T18:39:56 IST" duration-ms="375" status="PASS">
          <params>
            <param index="0">
              <value>
                <![CDATA[[TestResult name=validateCourseDetailPage status=SUCCESS method=MainTest2.validateCourseDetailPage()[pri:0, instance:Hackathon.IdentifyCourses3.MainTest2@29215f06] output={null}]]]>
              </value>
            </param>
          </params>
          <reporter-output>
          </reporter-output>
        </test-method> <!-- testStatus -->
        <test-method signature="validateHomePageButton()[pri:0, instance:Hackathon.IdentifyCourses3.MainTest2@29215f06]" started-at="2021-08-03T18:39:56 IST" name="validateHomePageButton" finished-at="2021-08-03T18:39:56 IST" depends-on-methods="Hackathon.IdentifyCourses3.MainTest2.validateCourseDetailPage" duration-ms="790" status="PASS">
          <reporter-output>
          </reporter-output>
        </test-method> <!-- validateHomePageButton -->
        <test-method is-config="true" signature="testStatus(org.testng.ITestResult)[pri:0, instance:Hackathon.IdentifyCourses3.MainTest2@29215f06]" started-at="2021-08-03T18:39:56 IST" name="testStatus" finished-at="2021-08-03T18:40:28 IST" duration-ms="31177" status="PASS">
          <params>
            <param index="0">
              <value>
                <![CDATA[[TestResult name=validateHomePageButton status=SUCCESS method=MainTest2.validateHomePageButton()[pri:0, instance:Hackathon.IdentifyCourses3.MainTest2@29215f06] output={null}]]]>
              </value>
            </param>
          </params>
          <reporter-output>
          </reporter-output>
        </test-method> <!-- testStatus -->
        <test-method signature="validateEdxBussinessLink()[pri:0, instance:Hackathon.IdentifyCourses3.MainTest2@29215f06]" started-at="2021-08-03T18:40:28 IST" name="validateEdxBussinessLink" finished-at="2021-08-03T18:40:55 IST" depends-on-methods="Hackathon.IdentifyCourses3.MainTest2.validateHomePageButton" duration-ms="27430" status="PASS">
          <reporter-output>
          </reporter-output>
        </test-method> <!-- validateEdxBussinessLink -->
        <test-method is-config="true" signature="testStatus(org.testng.ITestResult)[pri:0, instance:Hackathon.IdentifyCourses3.MainTest2@29215f06]" started-at="2021-08-03T18:40:55 IST" name="testStatus" finished-at="2021-08-03T18:40:57 IST" duration-ms="2052" status="PASS">
          <params>
            <param index="0">
              <value>
                <![CDATA[[TestResult name=validateEdxBussinessLink status=SUCCESS method=MainTest2.validateEdxBussinessLink()[pri:0, instance:Hackathon.IdentifyCourses3.MainTest2@29215f06] output={null}]]]>
              </value>
            </param>
          </params>
          <reporter-output>
          </reporter-output>
        </test-method> <!-- testStatus -->
        <test-method signature="validateInvalidEmail()[pri:0, instance:Hackathon.IdentifyCourses3.MainTest2@29215f06]" started-at="2021-08-03T18:40:57 IST" name="validateInvalidEmail" finished-at="2021-08-03T18:41:04 IST" depends-on-methods="Hackathon.IdentifyCourses3.MainTest2.validateEdxBussinessLink" duration-ms="6777" status="PASS">
          <reporter-output>
          </reporter-output>
        </test-method> <!-- validateInvalidEmail -->
        <test-method is-config="true" signature="testStatus(org.testng.ITestResult)[pri:0, instance:Hackathon.IdentifyCourses3.MainTest2@29215f06]" started-at="2021-08-03T18:41:04 IST" name="testStatus" finished-at="2021-08-03T18:41:04 IST" duration-ms="432" status="PASS">
          <params>
            <param index="0">
              <value>
                <![CDATA[[TestResult name=validateInvalidEmail status=SUCCESS method=MainTest2.validateInvalidEmail()[pri:0, instance:Hackathon.IdentifyCourses3.MainTest2@29215f06] output={null}]]]>
              </value>
            </param>
          </params>
          <reporter-output>
          </reporter-output>
        </test-method> <!-- testStatus -->
        <test-method is-config="true" signature="close()[pri:0, instance:Hackathon.IdentifyCourses3.MainTest2@29215f06]" started-at="2021-08-03T18:41:04 IST" name="close" finished-at="2021-08-03T18:41:06 IST" duration-ms="1312" status="PASS">
          <reporter-output>
          </reporter-output>
        </test-method> <!-- close -->
      </class> <!-- Hackathon.IdentifyCourses3.MainTest2 -->
    </test> <!-- Default test -->
  </suite> <!-- Default suite -->
</testng-results>
