<?xml version="1.0" encoding="UTF-8"?>
<!-- Generated by org.testng.reporters.JUnitXMLReporter -->
<testsuite ignored="2" hostname="Aayush" failures="0" tests="8" name="Test" time="167.406" errors="0" timestamp="2021-08-04T12:19:42 IST">
  <testcase classname="Hackathon.IdentifyCourses3.MainTest" name="validateSearchBox" time="5.943"/>
  <testcase classname="Hackathon.IdentifyCourses3.MainTest" name="validateSearchButton" time="1.847"/>
  <testcase classname="Hackathon.IdentifyCourses3.MainTest" name="validateCourseTab" time="13.156"/>
  <testcase classname="Hackathon.IdentifyCourses3.MainTest" name="validateLanguagesDropdownMenu" time="16.852"/>
  <testcase classname="Hackathon.IdentifyCourses3.MainTest" name="validateLevelDropdownMenu" time="9.076"/>
  <testcase classname="Hackathon.IdentifyCourses3.MainTest" name="validateCourseDetail1Page" time="21.298"/>
  <testcase classname="Hackathon.IdentifyCourses3.MainTest" name="validateCourseDetail2Page" time="50.618"/>
  <testcase classname="Hackathon.IdentifyCourses3.MainTest" name="validateHomePageButton" time="0.804"/>
  <testcase classname="Hackathon.IdentifyCourses3.MainTest" name="validateEdxBussinessLink" time="0.0">
    <ignored/>
  </testcase> <!-- validateEdxBussinessLink -->
  <testcase classname="Hackathon.IdentifyCourses3.MainTest" name="validateInvalidEmail" time="0.0">
    <ignored/>
  </testcase> <!-- validateInvalidEmail -->
</testsuite> <!-- Test -->
